[2024-01-25 10:20:01,502] {manager.py:514} INFO - Processing files using up to 2 processes at a time 
[2024-01-25 10:20:01,505] {manager.py:515} INFO - Process each file at most once every 30 seconds
[2024-01-25 10:20:01,505] {manager.py:517} INFO - Checking for new files in /opt/airflow/dags every 300 seconds
[2024-01-25 10:20:01,509] {manager.py:663} INFO - Searching for files in /opt/airflow/dags
[2024-01-25 10:20:01,511] {manager.py:666} INFO - There are 0 files in /opt/airflow/dags
[2024-01-25 10:20:01,590] {manager.py:1065} INFO - Finding 'running' jobs without a recent heartbeat
[2024-01-25 10:20:01,590] {manager.py:1069} INFO - Failing jobs without heartbeat after 2024-01-25 10:15:01.590578+00:00
[2024-01-25 10:20:11,678] {manager.py:1065} INFO - Finding 'running' jobs without a recent heartbeat
[2024-01-25 10:20:11,678] {manager.py:1069} INFO - Failing jobs without heartbeat after 2024-01-25 10:15:11.678823+00:00
[2024-01-25 10:20:21,716] {manager.py:1065} INFO - Finding 'running' jobs without a recent heartbeat
[2024-01-25 10:20:21,717] {manager.py:1069} INFO - Failing jobs without heartbeat after 2024-01-25 10:15:21.717035+00:00
[2024-01-25 10:20:31,768] {manager.py:1065} INFO - Finding 'running' jobs without a recent heartbeat
[2024-01-25 10:20:31,768] {manager.py:1069} INFO - Failing jobs without heartbeat after 2024-01-25 10:15:31.768489+00:00
[2024-01-25 10:20:41,810] {manager.py:1065} INFO - Finding 'running' jobs without a recent heartbeat
[2024-01-25 10:20:41,810] {manager.py:1069} INFO - Failing jobs without heartbeat after 2024-01-25 10:15:41.810773+00:00
[2024-01-25 10:20:51,836] {manager.py:1065} INFO - Finding 'running' jobs without a recent heartbeat
[2024-01-25 10:20:51,837] {manager.py:1069} INFO - Failing jobs without heartbeat after 2024-01-25 10:15:51.837098+00:00
[2024-01-25 10:21:01,855] {manager.py:1065} INFO - Finding 'running' jobs without a recent heartbeat
[2024-01-25 10:21:01,855] {manager.py:1069} INFO - Failing jobs without heartbeat after 2024-01-25 10:16:01.855535+00:00
[2024-01-25 10:21:11,920] {manager.py:1065} INFO - Finding 'running' jobs without a recent heartbeat
[2024-01-25 10:21:11,920] {manager.py:1069} INFO - Failing jobs without heartbeat after 2024-01-25 10:16:11.920823+00:00
[2024-01-25 10:21:21,936] {manager.py:1065} INFO - Finding 'running' jobs without a recent heartbeat
[2024-01-25 10:21:21,936] {manager.py:1069} INFO - Failing jobs without heartbeat after 2024-01-25 10:16:21.936368+00:00
[2024-01-25 10:21:31,953] {manager.py:1065} INFO - Finding 'running' jobs without a recent heartbeat
[2024-01-25 10:21:31,953] {manager.py:1069} INFO - Failing jobs without heartbeat after 2024-01-25 10:16:31.953795+00:00
[2024-01-25 10:21:41,968] {manager.py:1065} INFO - Finding 'running' jobs without a recent heartbeat
[2024-01-25 10:21:41,968] {manager.py:1069} INFO - Failing jobs without heartbeat after 2024-01-25 10:16:41.968318+00:00
[2024-01-25 10:21:51,984] {manager.py:1065} INFO - Finding 'running' jobs without a recent heartbeat
[2024-01-25 10:21:51,985] {manager.py:1069} INFO - Failing jobs without heartbeat after 2024-01-25 10:16:51.985043+00:00
[2024-01-25 10:22:02,008] {manager.py:1065} INFO - Finding 'running' jobs without a recent heartbeat
[2024-01-25 10:22:02,009] {manager.py:1069} INFO - Failing jobs without heartbeat after 2024-01-25 10:17:02.008993+00:00
[2024-01-25 10:22:08,242] {manager.py:495} INFO - Exiting gracefully upon receiving signal 15
[2024-01-25 10:34:56,441] {manager.py:514} INFO - Processing files using up to 2 processes at a time 
[2024-01-25 10:34:56,442] {manager.py:515} INFO - Process each file at most once every 30 seconds
[2024-01-25 10:34:56,448] {manager.py:517} INFO - Checking for new files in /opt/airflow/dags every 300 seconds
[2024-01-25 10:34:56,448] {manager.py:663} INFO - Searching for files in /opt/airflow/dags
[2024-01-25 10:34:56,450] {manager.py:666} INFO - There are 0 files in /opt/airflow/dags
[2024-01-25 10:34:56,598] {manager.py:1065} INFO - Finding 'running' jobs without a recent heartbeat
[2024-01-25 10:34:56,599] {manager.py:1069} INFO - Failing jobs without heartbeat after 2024-01-25 10:29:56.599081+00:00
[2024-01-25 10:35:06,734] {manager.py:1065} INFO - Finding 'running' jobs without a recent heartbeat
[2024-01-25 10:35:06,734] {manager.py:1069} INFO - Failing jobs without heartbeat after 2024-01-25 10:30:06.734735+00:00
[2024-01-25 10:35:16,766] {manager.py:1065} INFO - Finding 'running' jobs without a recent heartbeat
[2024-01-25 10:35:16,766] {manager.py:1069} INFO - Failing jobs without heartbeat after 2024-01-25 10:30:16.766908+00:00
[2024-01-25 10:35:26,807] {manager.py:1065} INFO - Finding 'running' jobs without a recent heartbeat
[2024-01-25 10:35:26,807] {manager.py:1069} INFO - Failing jobs without heartbeat after 2024-01-25 10:30:26.807553+00:00
[2024-01-25 10:35:36,833] {manager.py:1065} INFO - Finding 'running' jobs without a recent heartbeat
[2024-01-25 10:35:36,833] {manager.py:1069} INFO - Failing jobs without heartbeat after 2024-01-25 10:30:36.833575+00:00
[2024-01-25 10:35:46,857] {manager.py:1065} INFO - Finding 'running' jobs without a recent heartbeat
[2024-01-25 10:35:46,857] {manager.py:1069} INFO - Failing jobs without heartbeat after 2024-01-25 10:30:46.857284+00:00
[2024-01-25 10:35:56,875] {manager.py:1065} INFO - Finding 'running' jobs without a recent heartbeat
[2024-01-25 10:35:56,875] {manager.py:1069} INFO - Failing jobs without heartbeat after 2024-01-25 10:30:56.875390+00:00
[2024-01-25 10:36:06,945] {manager.py:1065} INFO - Finding 'running' jobs without a recent heartbeat
[2024-01-25 10:36:06,946] {manager.py:1069} INFO - Failing jobs without heartbeat after 2024-01-25 10:31:06.946085+00:00
[2024-01-25 10:36:16,960] {manager.py:1065} INFO - Finding 'running' jobs without a recent heartbeat
[2024-01-25 10:36:16,960] {manager.py:1069} INFO - Failing jobs without heartbeat after 2024-01-25 10:31:16.960780+00:00
[2024-01-25 10:36:26,979] {manager.py:1065} INFO - Finding 'running' jobs without a recent heartbeat
[2024-01-25 10:36:26,979] {manager.py:1069} INFO - Failing jobs without heartbeat after 2024-01-25 10:31:26.979642+00:00
[2024-01-25 10:36:36,994] {manager.py:1065} INFO - Finding 'running' jobs without a recent heartbeat
[2024-01-25 10:36:36,994] {manager.py:1069} INFO - Failing jobs without heartbeat after 2024-01-25 10:31:36.994805+00:00
[2024-01-25 10:36:47,012] {manager.py:1065} INFO - Finding 'running' jobs without a recent heartbeat
[2024-01-25 10:36:47,012] {manager.py:1069} INFO - Failing jobs without heartbeat after 2024-01-25 10:31:47.012662+00:00
[2024-01-25 10:36:57,051] {manager.py:1065} INFO - Finding 'running' jobs without a recent heartbeat
[2024-01-25 10:36:57,051] {manager.py:1069} INFO - Failing jobs without heartbeat after 2024-01-25 10:31:57.051280+00:00
[2024-01-25 10:37:07,065] {manager.py:1065} INFO - Finding 'running' jobs without a recent heartbeat
[2024-01-25 10:37:07,065] {manager.py:1069} INFO - Failing jobs without heartbeat after 2024-01-25 10:32:07.065266+00:00
[2024-01-25 10:37:17,082] {manager.py:1065} INFO - Finding 'running' jobs without a recent heartbeat
[2024-01-25 10:37:17,082] {manager.py:1069} INFO - Failing jobs without heartbeat after 2024-01-25 10:32:17.082650+00:00
[2024-01-25 10:37:27,098] {manager.py:1065} INFO - Finding 'running' jobs without a recent heartbeat
[2024-01-25 10:37:27,098] {manager.py:1069} INFO - Failing jobs without heartbeat after 2024-01-25 10:32:27.098548+00:00
[2024-01-25 10:37:37,118] {manager.py:1065} INFO - Finding 'running' jobs without a recent heartbeat
[2024-01-25 10:37:37,118] {manager.py:1069} INFO - Failing jobs without heartbeat after 2024-01-25 10:32:37.118271+00:00
[2024-01-25 10:37:47,139] {manager.py:1065} INFO - Finding 'running' jobs without a recent heartbeat
[2024-01-25 10:37:47,139] {manager.py:1069} INFO - Failing jobs without heartbeat after 2024-01-25 10:32:47.139362+00:00
[2024-01-25 10:37:57,155] {manager.py:1065} INFO - Finding 'running' jobs without a recent heartbeat
[2024-01-25 10:37:57,155] {manager.py:1069} INFO - Failing jobs without heartbeat after 2024-01-25 10:32:57.155525+00:00
[2024-01-25 10:38:07,171] {manager.py:1065} INFO - Finding 'running' jobs without a recent heartbeat
[2024-01-25 10:38:07,171] {manager.py:1069} INFO - Failing jobs without heartbeat after 2024-01-25 10:33:07.171675+00:00
[2024-01-25 10:38:17,185] {manager.py:1065} INFO - Finding 'running' jobs without a recent heartbeat
[2024-01-25 10:38:17,185] {manager.py:1069} INFO - Failing jobs without heartbeat after 2024-01-25 10:33:17.185971+00:00
[2024-01-25 10:38:27,199] {manager.py:1065} INFO - Finding 'running' jobs without a recent heartbeat
[2024-01-25 10:38:27,199] {manager.py:1069} INFO - Failing jobs without heartbeat after 2024-01-25 10:33:27.199625+00:00
[2024-01-25 10:38:37,237] {manager.py:1065} INFO - Finding 'running' jobs without a recent heartbeat
[2024-01-25 10:38:37,237] {manager.py:1069} INFO - Failing jobs without heartbeat after 2024-01-25 10:33:37.237478+00:00
[2024-01-25 10:38:47,250] {manager.py:1065} INFO - Finding 'running' jobs without a recent heartbeat
[2024-01-25 10:38:47,251] {manager.py:1069} INFO - Failing jobs without heartbeat after 2024-01-25 10:33:47.251086+00:00
[2024-01-25 10:38:57,274] {manager.py:1065} INFO - Finding 'running' jobs without a recent heartbeat
[2024-01-25 10:38:57,274] {manager.py:1069} INFO - Failing jobs without heartbeat after 2024-01-25 10:33:57.274349+00:00
[2024-01-25 10:39:07,290] {manager.py:1065} INFO - Finding 'running' jobs without a recent heartbeat
[2024-01-25 10:39:07,290] {manager.py:1069} INFO - Failing jobs without heartbeat after 2024-01-25 10:34:07.290609+00:00
[2024-01-25 10:39:17,305] {manager.py:1065} INFO - Finding 'running' jobs without a recent heartbeat
[2024-01-25 10:39:17,305] {manager.py:1069} INFO - Failing jobs without heartbeat after 2024-01-25 10:34:17.305631+00:00
[2024-01-25 10:39:27,321] {manager.py:1065} INFO - Finding 'running' jobs without a recent heartbeat
[2024-01-25 10:39:27,321] {manager.py:1069} INFO - Failing jobs without heartbeat after 2024-01-25 10:34:27.321629+00:00
[2024-01-25 10:39:37,341] {manager.py:1065} INFO - Finding 'running' jobs without a recent heartbeat
[2024-01-25 10:39:37,341] {manager.py:1069} INFO - Failing jobs without heartbeat after 2024-01-25 10:34:37.341381+00:00
[2024-01-25 10:39:47,361] {manager.py:1065} INFO - Finding 'running' jobs without a recent heartbeat
[2024-01-25 10:39:47,362] {manager.py:1069} INFO - Failing jobs without heartbeat after 2024-01-25 10:34:47.362093+00:00
[2024-01-25 10:39:57,324] {manager.py:663} INFO - Searching for files in /opt/airflow/dags
[2024-01-25 10:39:57,324] {manager.py:666} INFO - There are 0 files in /opt/airflow/dags
[2024-01-25 10:39:57,382] {manager.py:1065} INFO - Finding 'running' jobs without a recent heartbeat
[2024-01-25 10:39:57,382] {manager.py:1069} INFO - Failing jobs without heartbeat after 2024-01-25 10:34:57.382205+00:00
[2024-01-25 10:40:07,397] {manager.py:1065} INFO - Finding 'running' jobs without a recent heartbeat
[2024-01-25 10:40:07,397] {manager.py:1069} INFO - Failing jobs without heartbeat after 2024-01-25 10:35:07.397975+00:00
[2024-01-25 10:40:17,414] {manager.py:1065} INFO - Finding 'running' jobs without a recent heartbeat
[2024-01-25 10:40:17,414] {manager.py:1069} INFO - Failing jobs without heartbeat after 2024-01-25 10:35:17.414852+00:00
[2024-01-25 10:40:27,437] {manager.py:1065} INFO - Finding 'running' jobs without a recent heartbeat
[2024-01-25 10:40:27,437] {manager.py:1069} INFO - Failing jobs without heartbeat after 2024-01-25 10:35:27.437422+00:00
[2024-01-25 10:40:37,460] {manager.py:1065} INFO - Finding 'running' jobs without a recent heartbeat
[2024-01-25 10:40:37,460] {manager.py:1069} INFO - Failing jobs without heartbeat after 2024-01-25 10:35:37.460496+00:00
[2024-01-25 10:40:47,475] {manager.py:1065} INFO - Finding 'running' jobs without a recent heartbeat
[2024-01-25 10:40:47,475] {manager.py:1069} INFO - Failing jobs without heartbeat after 2024-01-25 10:35:47.475676+00:00
[2024-01-25 10:40:57,491] {manager.py:1065} INFO - Finding 'running' jobs without a recent heartbeat
[2024-01-25 10:40:57,492] {manager.py:1069} INFO - Failing jobs without heartbeat after 2024-01-25 10:35:57.492023+00:00
[2024-01-25 10:41:07,524] {manager.py:1065} INFO - Finding 'running' jobs without a recent heartbeat
[2024-01-25 10:41:07,525] {manager.py:1069} INFO - Failing jobs without heartbeat after 2024-01-25 10:36:07.525024+00:00
[2024-01-25 10:41:17,539] {manager.py:1065} INFO - Finding 'running' jobs without a recent heartbeat
[2024-01-25 10:41:17,539] {manager.py:1069} INFO - Failing jobs without heartbeat after 2024-01-25 10:36:17.539553+00:00
[2024-01-25 10:41:27,562] {manager.py:1065} INFO - Finding 'running' jobs without a recent heartbeat
[2024-01-25 10:41:27,562] {manager.py:1069} INFO - Failing jobs without heartbeat after 2024-01-25 10:36:27.562363+00:00
[2024-01-25 10:41:37,576] {manager.py:1065} INFO - Finding 'running' jobs without a recent heartbeat
[2024-01-25 10:41:37,577] {manager.py:1069} INFO - Failing jobs without heartbeat after 2024-01-25 10:36:37.577132+00:00
[2024-01-25 10:41:47,595] {manager.py:1065} INFO - Finding 'running' jobs without a recent heartbeat
[2024-01-25 10:41:47,595] {manager.py:1069} INFO - Failing jobs without heartbeat after 2024-01-25 10:36:47.595523+00:00
[2024-01-25 10:41:57,609] {manager.py:1065} INFO - Finding 'running' jobs without a recent heartbeat
[2024-01-25 10:41:57,609] {manager.py:1069} INFO - Failing jobs without heartbeat after 2024-01-25 10:36:57.609347+00:00
[2024-01-25 10:42:07,628] {manager.py:1065} INFO - Finding 'running' jobs without a recent heartbeat
[2024-01-25 10:42:07,628] {manager.py:1069} INFO - Failing jobs without heartbeat after 2024-01-25 10:37:07.628571+00:00
[2024-01-25 10:42:17,644] {manager.py:1065} INFO - Finding 'running' jobs without a recent heartbeat
[2024-01-25 10:42:17,644] {manager.py:1069} INFO - Failing jobs without heartbeat after 2024-01-25 10:37:17.644558+00:00
[2024-01-25 10:42:27,660] {manager.py:1065} INFO - Finding 'running' jobs without a recent heartbeat
[2024-01-25 10:42:27,660] {manager.py:1069} INFO - Failing jobs without heartbeat after 2024-01-25 10:37:27.660892+00:00
[2024-01-25 10:42:37,675] {manager.py:1065} INFO - Finding 'running' jobs without a recent heartbeat
[2024-01-25 10:42:37,675] {manager.py:1069} INFO - Failing jobs without heartbeat after 2024-01-25 10:37:37.675493+00:00
[2024-01-25 10:42:47,689] {manager.py:1065} INFO - Finding 'running' jobs without a recent heartbeat
[2024-01-25 10:42:47,689] {manager.py:1069} INFO - Failing jobs without heartbeat after 2024-01-25 10:37:47.689224+00:00
[2024-01-25 10:42:57,699] {manager.py:1065} INFO - Finding 'running' jobs without a recent heartbeat
[2024-01-25 10:42:57,699] {manager.py:1069} INFO - Failing jobs without heartbeat after 2024-01-25 10:37:57.699713+00:00
[2024-01-25 10:43:07,722] {manager.py:1065} INFO - Finding 'running' jobs without a recent heartbeat
[2024-01-25 10:43:07,722] {manager.py:1069} INFO - Failing jobs without heartbeat after 2024-01-25 10:38:07.722904+00:00
[2024-01-25 10:43:17,751] {manager.py:1065} INFO - Finding 'running' jobs without a recent heartbeat
[2024-01-25 10:43:17,752] {manager.py:1069} INFO - Failing jobs without heartbeat after 2024-01-25 10:38:17.752093+00:00
[2024-01-25 10:43:27,772] {manager.py:1065} INFO - Finding 'running' jobs without a recent heartbeat
[2024-01-25 10:43:27,773] {manager.py:1069} INFO - Failing jobs without heartbeat after 2024-01-25 10:38:27.773165+00:00
[2024-01-25 10:43:37,796] {manager.py:1065} INFO - Finding 'running' jobs without a recent heartbeat
[2024-01-25 10:43:37,796] {manager.py:1069} INFO - Failing jobs without heartbeat after 2024-01-25 10:38:37.796957+00:00
[2024-01-25 10:43:39,775] {manager.py:495} INFO - Exiting gracefully upon receiving signal 15
